<?xml version="1.0" encoding="UTF-8"?>
<testng-results ignored="0" total="1" passed="1" failed="0" skipped="0">
  <reporter-output>
  </reporter-output>
  <suite started-at="2022-03-23T13:11:28 IST" name="Default suite" finished-at="2022-03-23T13:11:37 IST" duration-ms="9442">
    <groups>
    </groups>
    <test started-at="2022-03-23T13:11:28 IST" name="Default test" finished-at="2022-03-23T13:11:37 IST" duration-ms="9442">
      <class name="org.TestYantracom.organization.ParameterDemoTest">
        <test-method signature="getDataFromRunTime()[pri:0, instance:org.TestYantracom.organization.ParameterDemoTest@6a84a97d]" started-at="2022-03-23T13:11:28 IST" name="getDataFromRunTime" finished-at="2022-03-23T13:11:37 IST" duration-ms="9379" status="PASS">
          <reporter-output>
          </reporter-output>
        </test-method> <!-- getDataFromRunTime -->
      </class> <!-- org.TestYantracom.organization.ParameterDemoTest -->
    </test> <!-- Default test -->
  </suite> <!-- Default suite -->
</testng-results>
